<?xml version="1.0" encoding="UTF-8"?>
<testsuite xmlns:xsi="http://www.w3.org/2001/XMLSchema-instance" xsi:noNamespaceSchemaLocation="https://maven.apache.org/surefire/maven-surefire-plugin/xsd/surefire-test-report.xsd" name="com.mycompany.app.TriTypTest" time="0.057" tests="23" errors="0" skipped="0" failures="0">
  <properties>
    <property name="gopherProxySet" value="false"/>
    <property name="awt.toolkit" value="sun.lwawt.macosx.LWCToolkit"/>
    <property name="file.encoding.pkg" value="sun.io"/>
    <property name="java.specification.version" value="1.8"/>
    <property name="sun.cpu.isalist" value=""/>
    <property name="sun.jnu.encoding" value="UTF-8"/>
    <property name="java.class.path" value="/Users/clarkngo/dev/maven-projects/triangles/target/test-classes:/Users/clarkngo/dev/maven-projects/triangles/target/classes:/Users/clarkngo/.m2/repository/org/junit/jupiter/junit-jupiter-api/5.4.2/junit-jupiter-api-5.4.2.jar:/Users/clarkngo/.m2/repository/org/apiguardian/apiguardian-api/1.0.0/apiguardian-api-1.0.0.jar:/Users/clarkngo/.m2/repository/org/opentest4j/opentest4j/1.1.1/opentest4j-1.1.1.jar:/Users/clarkngo/.m2/repository/org/junit/platform/junit-platform-commons/1.4.2/junit-platform-commons-1.4.2.jar:/Users/clarkngo/.m2/repository/org/junit/jupiter/junit-jupiter-engine/5.4.2/junit-jupiter-engine-5.4.2.jar:/Users/clarkngo/.m2/repository/org/junit/platform/junit-platform-engine/1.4.2/junit-platform-engine-1.4.2.jar:/Users/clarkngo/.m2/repository/org/hamcrest/hamcrest-library/2.1/hamcrest-library-2.1.jar:/Users/clarkngo/.m2/repository/org/hamcrest/hamcrest-core/2.1/hamcrest-core-2.1.jar:/Users/clarkngo/.m2/repository/org/hamcrest/hamcrest/2.1/hamcrest-2.1.jar:"/>
    <property name="java.vm.vendor" value="Oracle Corporation"/>
    <property name="sun.arch.data.model" value="64"/>
    <property name="java.vendor.url" value="http://java.oracle.com/"/>
    <property name="user.timezone" value=""/>
    <property name="java.vm.specification.version" value="1.8"/>
    <property name="os.name" value="Mac OS X"/>
    <property name="user.country" value="US"/>
    <property name="sun.java.launcher" value="SUN_STANDARD"/>
    <property name="sun.boot.library.path" value="/Library/Java/JavaVirtualMachines/jdk1.8.0_131.jdk/Contents/Home/jre/lib"/>
    <property name="sun.java.command" value="/Users/clarkngo/dev/maven-projects/triangles/target/surefire/surefirebooter3984960094419520728.jar /Users/clarkngo/dev/maven-projects/triangles/target/surefire 2019-06-03T18-34-33_289-jvmRun1 surefire4609767902748886498tmp surefire_08495457932750853236tmp"/>
    <property name="http.nonProxyHosts" value="local|*.local|169.254/16|*.169.254/16"/>
    <property name="surefire.test.class.path" value="/Users/clarkngo/dev/maven-projects/triangles/target/test-classes:/Users/clarkngo/dev/maven-projects/triangles/target/classes:/Users/clarkngo/.m2/repository/org/junit/jupiter/junit-jupiter-api/5.4.2/junit-jupiter-api-5.4.2.jar:/Users/clarkngo/.m2/repository/org/apiguardian/apiguardian-api/1.0.0/apiguardian-api-1.0.0.jar:/Users/clarkngo/.m2/repository/org/opentest4j/opentest4j/1.1.1/opentest4j-1.1.1.jar:/Users/clarkngo/.m2/repository/org/junit/platform/junit-platform-commons/1.4.2/junit-platform-commons-1.4.2.jar:/Users/clarkngo/.m2/repository/org/junit/jupiter/junit-jupiter-engine/5.4.2/junit-jupiter-engine-5.4.2.jar:/Users/clarkngo/.m2/repository/org/junit/platform/junit-platform-engine/1.4.2/junit-platform-engine-1.4.2.jar:/Users/clarkngo/.m2/repository/org/hamcrest/hamcrest-library/2.1/hamcrest-library-2.1.jar:/Users/clarkngo/.m2/repository/org/hamcrest/hamcrest-core/2.1/hamcrest-core-2.1.jar:/Users/clarkngo/.m2/repository/org/hamcrest/hamcrest/2.1/hamcrest-2.1.jar:"/>
    <property name="sun.cpu.endian" value="little"/>
    <property name="user.home" value="/Users/clarkngo"/>
    <property name="user.language" value="en"/>
    <property name="java.specification.vendor" value="Oracle Corporation"/>
    <property name="java.home" value="/Library/Java/JavaVirtualMachines/jdk1.8.0_131.jdk/Contents/Home/jre"/>
    <property name="basedir" value="/Users/clarkngo/dev/maven-projects/triangles"/>
    <property name="file.separator" value="/"/>
    <property name="line.separator" value="&#10;"/>
    <property name="java.vm.specification.vendor" value="Oracle Corporation"/>
    <property name="java.specification.name" value="Java Platform API Specification"/>
    <property name="java.awt.graphicsenv" value="sun.awt.CGraphicsEnvironment"/>
    <property name="surefire.real.class.path" value="/Users/clarkngo/dev/maven-projects/triangles/target/surefire/surefirebooter3984960094419520728.jar:/Users/clarkngo/.m2/repository/org/jacoco/org.jacoco.agent/0.8.2/org.jacoco.agent-0.8.2-runtime.jar"/>
    <property name="sun.boot.class.path" value="/Library/Java/JavaVirtualMachines/jdk1.8.0_131.jdk/Contents/Home/jre/lib/resources.jar:/Library/Java/JavaVirtualMachines/jdk1.8.0_131.jdk/Contents/Home/jre/lib/rt.jar:/Library/Java/JavaVirtualMachines/jdk1.8.0_131.jdk/Contents/Home/jre/lib/sunrsasign.jar:/Library/Java/JavaVirtualMachines/jdk1.8.0_131.jdk/Contents/Home/jre/lib/jsse.jar:/Library/Java/JavaVirtualMachines/jdk1.8.0_131.jdk/Contents/Home/jre/lib/jce.jar:/Library/Java/JavaVirtualMachines/jdk1.8.0_131.jdk/Contents/Home/jre/lib/charsets.jar:/Library/Java/JavaVirtualMachines/jdk1.8.0_131.jdk/Contents/Home/jre/lib/jfr.jar:/Library/Java/JavaVirtualMachines/jdk1.8.0_131.jdk/Contents/Home/jre/classes"/>
    <property name="sun.management.compiler" value="HotSpot 64-Bit Tiered Compilers"/>
    <property name="ftp.nonProxyHosts" value="local|*.local|169.254/16|*.169.254/16"/>
    <property name="java.runtime.version" value="1.8.0_131-b11"/>
    <property name="user.name" value="clarkngo"/>
    <property name="path.separator" value=":"/>
    <property name="os.version" value="10.14.2"/>
    <property name="java.endorsed.dirs" value="/Library/Java/JavaVirtualMachines/jdk1.8.0_131.jdk/Contents/Home/jre/lib/endorsed"/>
    <property name="java.runtime.name" value="Java(TM) SE Runtime Environment"/>
    <property name="file.encoding" value="UTF-8"/>
    <property name="java.vm.name" value="Java HotSpot(TM) 64-Bit Server VM"/>
    <property name="localRepository" value="/Users/clarkngo/.m2/repository"/>
    <property name="java.vendor.url.bug" value="http://bugreport.sun.com/bugreport/"/>
    <property name="java.io.tmpdir" value="/var/folders/wc/zgc0qd2j4y73ykt3sncdmqrc0000gn/T/"/>
    <property name="java.version" value="1.8.0_131"/>
    <property name="user.dir" value="/Users/clarkngo/dev/maven-projects/triangles"/>
    <property name="os.arch" value="x86_64"/>
    <property name="java.vm.specification.name" value="Java Virtual Machine Specification"/>
    <property name="java.awt.printerjob" value="sun.lwawt.macosx.CPrinterJob"/>
    <property name="sun.os.patch.level" value="unknown"/>
    <property name="java.library.path" value="/Users/clarkngo/Library/Java/Extensions:/Library/Java/Extensions:/Network/Library/Java/Extensions:/System/Library/Java/Extensions:/usr/lib/java:."/>
    <property name="java.vm.info" value="mixed mode"/>
    <property name="java.vendor" value="Oracle Corporation"/>
    <property name="java.vm.version" value="25.131-b11"/>
    <property name="java.ext.dirs" value="/Users/clarkngo/Library/Java/Extensions:/Library/Java/JavaVirtualMachines/jdk1.8.0_131.jdk/Contents/Home/jre/lib/ext:/Library/Java/Extensions:/Network/Library/Java/Extensions:/System/Library/Java/Extensions:/usr/lib/java"/>
    <property name="sun.io.unicode.encoding" value="UnicodeBig"/>
    <property name="java.class.version" value="52.0"/>
    <property name="socksNonProxyHosts" value="local|*.local|169.254/16|*.169.254/16"/>
  </properties>
  <testcase name="twoSameNums_combination3_returnsTwo" classname="com.mycompany.app.TriTypTest" time="0.019"/>
  <testcase name="negativeNum_param3_returnsFour" classname="com.mycompany.app.TriTypTest" time="0"/>
  <testcase name="negativeNum_param2_returnsFour" classname="com.mycompany.app.TriTypTest" time="0.001"/>
  <testcase name="negativeNum_param1_returnsFour" classname="com.mycompany.app.TriTypTest" time="0.001"/>
  <testcase name="twoEqualSidesLessThanASide_combination1_returnsTwo" classname="com.mycompany.app.TriTypTest" time="0"/>
  <testcase name="twoUnequalSidesLessThanASide_combination3_returnsFour" classname="com.mycompany.app.TriTypTest" time="0.001"/>
  <testcase name="twoEqualSidesLessThanASide_combination2_returnsTwo" classname="com.mycompany.app.TriTypTest" time="0.001"/>
  <testcase name="twoEqualSidesLessThanASide_combination3_returnsTwo" classname="com.mycompany.app.TriTypTest" time="0.007"/>
  <testcase name="twoSidesLessThanASide_combination5_returnsTwo" classname="com.mycompany.app.TriTypTest" time="0.001"/>
  <testcase name="twoUnequalSidesLessThanASide_combination2_returnsFour" classname="com.mycompany.app.TriTypTest" time="0"/>
  <testcase name="twoEqualSidesLessThanASide_combination4_returnsTwo" classname="com.mycompany.app.TriTypTest" time="0"/>
  <testcase name="twoUnequalSidesLessThanASide_combination1_returnsFour" classname="com.mycompany.app.TriTypTest" time="0"/>
  <testcase name="twoEqualSidesLessThanASide_combination6_returnsTwo" classname="com.mycompany.app.TriTypTest" time="0"/>
  <testcase name="unequalNums_combination3_returnsFour" classname="com.mycompany.app.TriTypTest" time="0"/>
  <testcase name="unequalNums_combination2_returnsFour" classname="com.mycompany.app.TriTypTest" time="0.001"/>
  <testcase name="unequalNums_combination1_returnsFour" classname="com.mycompany.app.TriTypTest" time="0.001"/>
  <testcase name="testNullUserInput_notAValidTriangle" classname="com.mycompany.app.TriTypTest" time="0"/>
  <testcase name="testNegativeNumberUserInput_notAValidTriangle" classname="com.mycompany.app.TriTypTest" time="0.001"/>
  <testcase name="testEmptyUserInput_equilateral" classname="com.mycompany.app.TriTypTest" time="0.001"/>
  <testcase name="testSingleInput" classname="com.mycompany.app.TriTypTest" time="0"/>
  <testcase name="twoSameNums_combination1_returnsTwo" classname="com.mycompany.app.TriTypTest" time="0.001"/>
  <testcase name="testNumberTwoUserInput_notAValidTriangle" classname="com.mycompany.app.TriTypTest" time="0.001"/>
  <testcase name="twoSameNums_combination2_returnsTwo" classname="com.mycompany.app.TriTypTest" time="0"/>
</testsuite>